[0.051s] Invoking command in '/home/hello/ws_mobile/build/mobile_robot': CMAKE_PREFIX_PATH=${CMAKE_PREFIX_PATH}:/opt/ros/iron /usr/bin/cmake /home/hello/ws_mobile/src/mobile_robot -DCMAKE_INSTALL_PREFIX=/home/hello/ws_mobile/install/mobile_robot
[0.342s] -- The C compiler identification is GNU 11.4.0
[0.806s] -- The CXX compiler identification is GNU 11.4.0
[0.858s] -- Detecting C compiler ABI info
[1.138s] -- Detecting C compiler ABI info - done
[1.148s] -- Check for working C compiler: /usr/bin/cc - skipped
[1.151s] -- Detecting C compile features
[1.156s] -- Detecting C compile features - done
[1.164s] -- Detecting CXX compiler ABI info
[1.366s] -- Detecting CXX compiler ABI info - done
[1.382s] -- Check for working CXX compiler: /usr/bin/c++ - skipped
[1.382s] -- Detecting CXX compile features
[1.385s] -- Detecting CXX compile features - done
[1.422s] -- Found ament_cmake: 2.0.7 (/opt/ros/iron/share/ament_cmake/cmake)
[1.801s] -- Found Python3: /usr/bin/python3.10 (found version "3.10.12") found components: Interpreter 
[2.055s] -- Found ament_lint_auto: 0.14.4 (/opt/ros/iron/share/ament_lint_auto/cmake)
[2.217s] -- Added test 'flake8' to check Python code syntax and style conventions
[2.217s] -- Configured 'flake8' exclude dirs and/or files: 
[2.221s] -- Added test 'lint_cmake' to check CMake code style
[2.222s] -- Added test 'pep257' to check Python code against some of the docstring style conventions in PEP 257
[2.229s] -- Added test 'xmllint' to check XML markup files
[2.235s] -- Configuring done
[2.241s] -- Generating done
[2.247s] -- Build files have been written to: /home/hello/ws_mobile/build/mobile_robot
[2.264s] Invoked command in '/home/hello/ws_mobile/build/mobile_robot' returned '0': CMAKE_PREFIX_PATH=${CMAKE_PREFIX_PATH}:/opt/ros/iron /usr/bin/cmake /home/hello/ws_mobile/src/mobile_robot -DCMAKE_INSTALL_PREFIX=/home/hello/ws_mobile/install/mobile_robot
[2.264s] Invoking command in '/home/hello/ws_mobile/build/mobile_robot': CMAKE_PREFIX_PATH=${CMAKE_PREFIX_PATH}:/opt/ros/iron /usr/bin/cmake --build /home/hello/ws_mobile/build/mobile_robot -- -j12 -l12
[2.341s] Invoked command in '/home/hello/ws_mobile/build/mobile_robot' returned '0': CMAKE_PREFIX_PATH=${CMAKE_PREFIX_PATH}:/opt/ros/iron /usr/bin/cmake --build /home/hello/ws_mobile/build/mobile_robot -- -j12 -l12
[2.361s] Invoking command in '/home/hello/ws_mobile/build/mobile_robot': CMAKE_PREFIX_PATH=${CMAKE_PREFIX_PATH}:/opt/ros/iron /usr/bin/cmake --install /home/hello/ws_mobile/build/mobile_robot
[2.375s] -- Install configuration: ""
[2.375s] -- Installing: /home/hello/ws_mobile/install/mobile_robot/share/mobile_robot/launch
[2.375s] -- Installing: /home/hello/ws_mobile/install/mobile_robot/share/mobile_robot/launch/gazebo_model.launch.py
[2.375s] -- Installing: /home/hello/ws_mobile/install/mobile_robot/share/mobile_robot/model
[2.375s] -- Installing: /home/hello/ws_mobile/install/mobile_robot/share/mobile_robot/model/robot.xacro
[2.375s] -- Installing: /home/hello/ws_mobile/install/mobile_robot/share/mobile_robot/model/empty_world.world
[2.380s] -- Installing: /home/hello/ws_mobile/install/mobile_robot/share/mobile_robot/model/robot.gazebo
[2.380s] -- Installing: /home/hello/ws_mobile/install/mobile_robot/share/ament_index/resource_index/package_run_dependencies/mobile_robot
[2.381s] -- Installing: /home/hello/ws_mobile/install/mobile_robot/share/ament_index/resource_index/parent_prefix_path/mobile_robot
[2.381s] -- Installing: /home/hello/ws_mobile/install/mobile_robot/share/mobile_robot/environment/ament_prefix_path.sh
[2.381s] -- Installing: /home/hello/ws_mobile/install/mobile_robot/share/mobile_robot/environment/ament_prefix_path.dsv
[2.381s] -- Installing: /home/hello/ws_mobile/install/mobile_robot/share/mobile_robot/environment/path.sh
[2.381s] -- Installing: /home/hello/ws_mobile/install/mobile_robot/share/mobile_robot/environment/path.dsv
[2.381s] -- Installing: /home/hello/ws_mobile/install/mobile_robot/share/mobile_robot/local_setup.bash
[2.382s] -- Installing: /home/hello/ws_mobile/install/mobile_robot/share/mobile_robot/local_setup.sh
[2.382s] -- Installing: /home/hello/ws_mobile/install/mobile_robot/share/mobile_robot/local_setup.zsh
[2.382s] -- Installing: /home/hello/ws_mobile/install/mobile_robot/share/mobile_robot/local_setup.dsv
[2.382s] -- Installing: /home/hello/ws_mobile/install/mobile_robot/share/mobile_robot/package.dsv
[2.383s] -- Installing: /home/hello/ws_mobile/install/mobile_robot/share/ament_index/resource_index/packages/mobile_robot
[2.383s] -- Installing: /home/hello/ws_mobile/install/mobile_robot/share/mobile_robot/cmake/mobile_robotConfig.cmake
[2.383s] -- Installing: /home/hello/ws_mobile/install/mobile_robot/share/mobile_robot/cmake/mobile_robotConfig-version.cmake
[2.384s] -- Installing: /home/hello/ws_mobile/install/mobile_robot/share/mobile_robot/package.xml
[2.387s] Invoked command in '/home/hello/ws_mobile/build/mobile_robot' returned '0': CMAKE_PREFIX_PATH=${CMAKE_PREFIX_PATH}:/opt/ros/iron /usr/bin/cmake --install /home/hello/ws_mobile/build/mobile_robot
