[0.052s] Invoking command in '/home/hello/ws_mobile/build/mobile_robot': /usr/bin/cmake --build /home/hello/ws_mobile/build/mobile_robot -- -j12 -l12
[0.276s] Invoked command in '/home/hello/ws_mobile/build/mobile_robot' returned '0': /usr/bin/cmake --build /home/hello/ws_mobile/build/mobile_robot -- -j12 -l12
[0.290s] Invoking command in '/home/hello/ws_mobile/build/mobile_robot': /usr/bin/cmake --install /home/hello/ws_mobile/build/mobile_robot
[0.298s] -- Install configuration: ""
[0.300s] -- Up-to-date: /home/hello/ws_mobile/install/mobile_robot/share/mobile_robot/launch
[0.301s] -- Installing: /home/hello/ws_mobile/install/mobile_robot/share/mobile_robot/launch/gazebo_model.launch.py
[0.301s] -- Up-to-date: /home/hello/ws_mobile/install/mobile_robot/share/mobile_robot/model
[0.302s] -- Up-to-date: /home/hello/ws_mobile/install/mobile_robot/share/mobile_robot/model/robot.xacro
[0.302s] -- Up-to-date: /home/hello/ws_mobile/install/mobile_robot/share/mobile_robot/model/empty_world.world
[0.302s] -- Up-to-date: /home/hello/ws_mobile/install/mobile_robot/share/mobile_robot/model/robot.gazebo
[0.303s] -- Up-to-date: /home/hello/ws_mobile/install/mobile_robot/share/ament_index/resource_index/package_run_dependencies/mobile_robot
[0.304s] -- Up-to-date: /home/hello/ws_mobile/install/mobile_robot/share/ament_index/resource_index/parent_prefix_path/mobile_robot
[0.304s] -- Up-to-date: /home/hello/ws_mobile/install/mobile_robot/share/mobile_robot/environment/ament_prefix_path.sh
[0.304s] -- Up-to-date: /home/hello/ws_mobile/install/mobile_robot/share/mobile_robot/environment/ament_prefix_path.dsv
[0.304s] -- Up-to-date: /home/hello/ws_mobile/install/mobile_robot/share/mobile_robot/environment/path.sh
[0.305s] -- Up-to-date: /home/hello/ws_mobile/install/mobile_robot/share/mobile_robot/environment/path.dsv
[0.305s] -- Up-to-date: /home/hello/ws_mobile/install/mobile_robot/share/mobile_robot/local_setup.bash
[0.305s] -- Up-to-date: /home/hello/ws_mobile/install/mobile_robot/share/mobile_robot/local_setup.sh
[0.305s] -- Up-to-date: /home/hello/ws_mobile/install/mobile_robot/share/mobile_robot/local_setup.zsh
[0.305s] -- Up-to-date: /home/hello/ws_mobile/install/mobile_robot/share/mobile_robot/local_setup.dsv
[0.305s] -- Up-to-date: /home/hello/ws_mobile/install/mobile_robot/share/mobile_robot/package.dsv
[0.305s] -- Up-to-date: /home/hello/ws_mobile/install/mobile_robot/share/ament_index/resource_index/packages/mobile_robot
[0.306s] -- Up-to-date: /home/hello/ws_mobile/install/mobile_robot/share/mobile_robot/cmake/mobile_robotConfig.cmake
[0.306s] -- Up-to-date: /home/hello/ws_mobile/install/mobile_robot/share/mobile_robot/cmake/mobile_robotConfig-version.cmake
[0.306s] -- Up-to-date: /home/hello/ws_mobile/install/mobile_robot/share/mobile_robot/package.xml
[0.308s] Invoked command in '/home/hello/ws_mobile/build/mobile_robot' returned '0': /usr/bin/cmake --install /home/hello/ws_mobile/build/mobile_robot
